TN:
SF:controllers/AuthController.js
FN:13,(anonymous_0)
FN:43,(anonymous_1)
FN:65,(anonymous_2)
FN:85,(anonymous_3)
FN:114,(anonymous_4)
FN:144,(anonymous_5)
FN:165,(anonymous_6)
FN:196,(anonymous_7)
FN:227,(anonymous_8)
FNF:9
FNH:5
FNDA:2,(anonymous_0)
FNDA:2,(anonymous_1)
FNDA:1,(anonymous_2)
FNDA:2,(anonymous_3)
FNDA:2,(anonymous_4)
FNDA:0,(anonymous_5)
FNDA:0,(anonymous_6)
FNDA:0,(anonymous_7)
FNDA:0,(anonymous_8)
DA:6,1
DA:14,2
DA:15,2
DA:17,2
DA:18,0
DA:24,2
DA:26,1
DA:31,1
DA:44,2
DA:45,2
DA:47,2
DA:49,1
DA:54,1
DA:66,1
DA:67,1
DA:69,1
DA:74,0
DA:86,2
DA:87,2
DA:89,2
DA:90,0
DA:96,2
DA:98,1
DA:103,1
DA:115,2
DA:116,2
DA:118,2
DA:119,0
DA:125,2
DA:127,1
DA:132,1
DA:145,0
DA:146,0
DA:148,0
DA:153,0
DA:166,0
DA:167,0
DA:168,0
DA:170,0
DA:171,0
DA:177,0
DA:179,0
DA:184,0
DA:197,0
DA:198,0
DA:199,0
DA:201,0
DA:202,0
DA:208,0
DA:210,0
DA:215,0
DA:228,0
DA:229,0
DA:232,0
DA:233,0
DA:239,0
DA:241,0
DA:246,0
DA:254,1
LF:59
LH:28
BRDA:17,0,0,0
BRDA:17,0,1,2
BRDA:17,1,0,2
BRDA:17,1,1,2
BRDA:89,2,0,0
BRDA:89,2,1,2
BRDA:89,3,0,2
BRDA:89,3,1,2
BRDA:118,4,0,0
BRDA:118,4,1,2
BRDA:170,5,0,0
BRDA:170,5,1,0
BRDA:201,6,0,0
BRDA:201,6,1,0
BRDA:232,7,0,0
BRDA:232,7,1,0
BRF:16
BRH:7
end_of_record
TN:
SF:controllers/BulkOperationController.js
FN:8,(anonymous_0)
FN:15,(anonymous_1)
FN:36,(anonymous_2)
FN:57,(anonymous_3)
FN:78,(anonymous_4)
FN:99,(anonymous_5)
FN:120,(anonymous_6)
FN:141,(anonymous_7)
FN:162,(anonymous_8)
FN:183,(anonymous_9)
FN:204,(anonymous_10)
FNF:11
FNH:0
FNDA:0,(anonymous_0)
FNDA:0,(anonymous_1)
FNDA:0,(anonymous_2)
FNDA:0,(anonymous_3)
FNDA:0,(anonymous_4)
FNDA:0,(anonymous_5)
FNDA:0,(anonymous_6)
FNDA:0,(anonymous_7)
FNDA:0,(anonymous_8)
FNDA:0,(anonymous_9)
FNDA:0,(anonymous_10)
DA:5,0
DA:9,0
DA:16,0
DA:17,0
DA:19,0
DA:20,0
DA:26,0
DA:27,0
DA:29,0
DA:37,0
DA:38,0
DA:40,0
DA:41,0
DA:47,0
DA:48,0
DA:50,0
DA:58,0
DA:59,0
DA:61,0
DA:62,0
DA:68,0
DA:69,0
DA:71,0
DA:79,0
DA:80,0
DA:82,0
DA:83,0
DA:89,0
DA:90,0
DA:92,0
DA:100,0
DA:101,0
DA:103,0
DA:104,0
DA:110,0
DA:111,0
DA:113,0
DA:121,0
DA:122,0
DA:124,0
DA:125,0
DA:131,0
DA:132,0
DA:134,0
DA:142,0
DA:143,0
DA:145,0
DA:146,0
DA:152,0
DA:153,0
DA:155,0
DA:163,0
DA:164,0
DA:166,0
DA:167,0
DA:173,0
DA:174,0
DA:176,0
DA:184,0
DA:185,0
DA:187,0
DA:188,0
DA:194,0
DA:195,0
DA:197,0
DA:205,0
DA:206,0
DA:208,0
DA:209,0
DA:215,0
DA:216,0
DA:218,0
DA:223,0
LF:73
LH:0
BRDA:19,0,0,0
BRDA:19,0,1,0
BRDA:19,1,0,0
BRDA:19,1,1,0
BRDA:40,2,0,0
BRDA:40,2,1,0
BRDA:40,3,0,0
BRDA:40,3,1,0
BRDA:61,4,0,0
BRDA:61,4,1,0
BRDA:61,5,0,0
BRDA:61,5,1,0
BRDA:82,6,0,0
BRDA:82,6,1,0
BRDA:82,7,0,0
BRDA:82,7,1,0
BRDA:103,8,0,0
BRDA:103,8,1,0
BRDA:103,9,0,0
BRDA:103,9,1,0
BRDA:124,10,0,0
BRDA:124,10,1,0
BRDA:145,11,0,0
BRDA:145,11,1,0
BRDA:166,12,0,0
BRDA:166,12,1,0
BRDA:166,13,0,0
BRDA:166,13,1,0
BRDA:187,14,0,0
BRDA:187,14,1,0
BRDA:187,15,0,0
BRDA:187,15,1,0
BRDA:208,16,0,0
BRDA:208,16,1,0
BRDA:208,17,0,0
BRDA:208,17,1,0
BRF:36
BRH:0
end_of_record
TN:
SF:controllers/ExportController.js
FN:9,(anonymous_0)
FN:16,(anonymous_1)
FN:35,(anonymous_2)
FN:61,(anonymous_3)
FN:87,(anonymous_4)
FN:113,(anonymous_5)
FN:125,(anonymous_6)
FN:130,(anonymous_7)
FN:143,(anonymous_8)
FNF:9
FNH:0
FNDA:0,(anonymous_0)
FNDA:0,(anonymous_1)
FNDA:0,(anonymous_2)
FNDA:0,(anonymous_3)
FNDA:0,(anonymous_4)
FNDA:0,(anonymous_5)
FNDA:0,(anonymous_6)
FNDA:0,(anonymous_7)
FNDA:0,(anonymous_8)
DA:5,0
DA:6,0
DA:10,0
DA:17,0
DA:18,0
DA:19,0
DA:22,0
DA:28,0
DA:36,0
DA:37,0
DA:39,0
DA:40,0
DA:46,0
DA:48,0
DA:54,0
DA:62,0
DA:63,0
DA:65,0
DA:66,0
DA:72,0
DA:74,0
DA:80,0
DA:88,0
DA:89,0
DA:91,0
DA:92,0
DA:98,0
DA:100,0
DA:106,0
DA:114,0
DA:115,0
DA:116,0
DA:118,0
DA:126,0
DA:127,0
DA:128,0
DA:130,0
DA:131,0
DA:132,0
DA:136,0
DA:144,0
DA:145,0
DA:146,0
DA:147,0
DA:149,0
DA:154,0
LF:46
LH:0
BRDA:39,0,0,0
BRDA:39,0,1,0
BRDA:39,1,0,0
BRDA:39,1,1,0
BRDA:65,2,0,0
BRDA:65,2,1,0
BRDA:65,3,0,0
BRDA:65,3,1,0
BRDA:91,4,0,0
BRDA:91,4,1,0
BRDA:91,5,0,0
BRDA:91,5,1,0
BRDA:131,6,0,0
BRDA:131,6,1,0
BRF:14
BRH:0
end_of_record
TN:
SF:controllers/OTAController.js
FN:8,(anonymous_0)
FN:15,(anonymous_1)
FN:27,(anonymous_2)
FN:48,(anonymous_3)
FN:69,(anonymous_4)
FN:95,(anonymous_5)
FNF:6
FNH:0
FNDA:0,(anonymous_0)
FNDA:0,(anonymous_1)
FNDA:0,(anonymous_2)
FNDA:0,(anonymous_3)
FNDA:0,(anonymous_4)
FNDA:0,(anonymous_5)
DA:5,0
DA:9,0
DA:16,0
DA:17,0
DA:18,0
DA:20,0
DA:28,0
DA:29,0
DA:31,0
DA:32,0
DA:38,0
DA:39,0
DA:41,0
DA:49,0
DA:50,0
DA:52,0
DA:53,0
DA:59,0
DA:60,0
DA:62,0
DA:70,0
DA:71,0
DA:73,0
DA:74,0
DA:80,0
DA:86,0
DA:88,0
DA:96,0
DA:97,0
DA:98,0
DA:100,0
DA:101,0
DA:107,0
DA:108,0
DA:110,0
DA:115,0
LF:36
LH:0
BRDA:31,0,0,0
BRDA:31,0,1,0
BRDA:31,1,0,0
BRDA:31,1,1,0
BRDA:52,2,0,0
BRDA:52,2,1,0
BRDA:52,3,0,0
BRDA:52,3,1,0
BRDA:73,4,0,0
BRDA:73,4,1,0
BRDA:82,5,0,0
BRDA:82,5,1,0
BRDA:83,6,0,0
BRDA:83,6,1,0
BRDA:100,7,0,0
BRDA:100,7,1,0
BRF:16
BRH:0
end_of_record
TN:
SF:controllers/PricingController.js
FN:8,(anonymous_0)
FN:15,(anonymous_1)
FN:36,(anonymous_2)
FN:55,(anonymous_3)
FN:74,(anonymous_4)
FNF:5
FNH:0
FNDA:0,(anonymous_0)
FNDA:0,(anonymous_1)
FNDA:0,(anonymous_2)
FNDA:0,(anonymous_3)
FNDA:0,(anonymous_4)
DA:5,0
DA:9,0
DA:16,0
DA:17,0
DA:19,0
DA:20,0
DA:26,0
DA:27,0
DA:29,0
DA:37,0
DA:38,0
DA:39,0
DA:41,0
DA:46,0
DA:48,0
DA:56,0
DA:57,0
DA:58,0
DA:60,0
DA:65,0
DA:67,0
DA:75,0
DA:76,0
DA:78,0
DA:79,0
DA:85,0
DA:86,0
DA:88,0
DA:93,0
LF:29
LH:0
BRDA:19,0,0,0
BRDA:19,0,1,0
BRDA:19,1,0,0
BRDA:19,1,1,0
BRDA:43,2,0,0
BRDA:43,2,1,0
BRDA:62,3,0,0
BRDA:62,3,1,0
BRDA:78,4,0,0
BRDA:78,4,1,0
BRDA:78,5,0,0
BRDA:78,5,1,0
BRF:12
BRH:0
end_of_record
TN:
SF:middleware/auth.js
FN:13,(anonymous_0)
FN:97,(anonymous_1)
FN:105,(anonymous_2)
FN:106,(anonymous_3)
FN:138,(anonymous_4)
FN:163,(anonymous_5)
FNF:6
FNH:0
FNDA:0,(anonymous_0)
FNDA:0,(anonymous_1)
FNDA:0,(anonymous_2)
FNDA:0,(anonymous_3)
FNDA:0,(anonymous_4)
FNDA:0,(anonymous_5)
DA:6,0
DA:7,0
DA:13,0
DA:14,0
DA:16,0
DA:18,0
DA:19,0
DA:27,0
DA:28,0
DA:29,0
DA:36,0
DA:39,0
DA:42,0
DA:48,0
DA:50,0
DA:51,0
DA:56,0
DA:57,0
DA:63,0
DA:75,0
DA:97,0
DA:98,0
DA:105,0
DA:106,0
DA:107,0
DA:108,0
DA:115,0
DA:116,0
DA:119,0
DA:120,0
DA:121,0
DA:128,0
DA:132,0
DA:133,0
DA:137,0
DA:138,0
DA:139,0
DA:140,0
DA:141,0
DA:144,0
DA:145,0
DA:147,0
DA:163,0
DA:164,0
DA:166,0
DA:167,0
DA:168,0
DA:171,0
DA:172,0
DA:173,0
DA:174,0
DA:175,0
DA:176,0
DA:184,0
DA:187,0
DA:190,0
LF:56
LH:0
BRDA:18,0,0,0
BRDA:18,0,1,0
BRDA:28,1,0,0
BRDA:28,1,1,0
BRDA:28,2,0,0
BRDA:28,2,1,0
BRDA:50,3,0,0
BRDA:50,3,1,0
BRDA:56,4,0,0
BRDA:56,4,1,0
BRDA:107,5,0,0
BRDA:107,5,1,0
BRDA:116,6,0,0
BRDA:116,6,1,0
BRDA:119,7,0,0
BRDA:119,7,1,0
BRDA:120,8,0,0
BRDA:120,8,1,0
BRDA:132,9,0,0
BRDA:132,9,1,0
BRDA:139,10,0,0
BRDA:139,10,1,0
BRDA:140,11,0,0
BRDA:140,11,1,0
BRDA:144,12,0,0
BRDA:144,12,1,0
BRDA:166,13,0,0
BRDA:166,13,1,0
BRDA:173,14,0,0
BRDA:173,14,1,0
BRDA:173,15,0,0
BRDA:173,15,1,0
BRF:32
BRH:0
end_of_record
TN:
SF:middleware/cache.js
FN:13,(anonymous_0)
FN:14,(anonymous_1)
FN:39,(anonymous_2)
FN:60,(anonymous_3)
FN:69,(anonymous_4)
FN:81,(anonymous_5)
FN:82,(anonymous_6)
FN:85,(anonymous_7)
FNF:8
FNH:0
FNDA:0,(anonymous_0)
FNDA:0,(anonymous_1)
FNDA:0,(anonymous_2)
FNDA:0,(anonymous_3)
FNDA:0,(anonymous_4)
FNDA:0,(anonymous_5)
FNDA:0,(anonymous_6)
FNDA:0,(anonymous_7)
DA:6,0
DA:13,0
DA:14,0
DA:16,0
DA:17,0
DA:21,0
DA:25,0
DA:27,0
DA:29,0
DA:31,0
DA:32,0
DA:36,0
DA:38,0
DA:39,0
DA:41,0
DA:42,0
DA:44,0
DA:47,0
DA:50,0
DA:51,0
DA:60,0
DA:61,0
DA:62,0
DA:63,0
DA:69,0
DA:70,0
DA:71,0
DA:72,0
DA:74,0
DA:81,0
DA:82,0
DA:83,0
DA:85,0
DA:86,0
DA:89,0
DA:90,0
DA:91,0
DA:95,0
DA:98,0
DA:100,0
DA:103,0
DA:107,0
LF:42
LH:0
BRDA:13,0,0,0
BRDA:16,1,0,0
BRDA:16,1,1,0
BRDA:21,2,0,0
BRDA:21,2,1,0
BRDA:29,3,0,0
BRDA:29,3,1,0
BRDA:41,4,0,0
BRDA:41,4,1,0
BRDA:41,5,0,0
BRDA:41,5,1,0
BRDA:81,6,0,0
BRDA:90,7,0,0
BRDA:90,7,1,0
BRF:14
BRH:0
end_of_record
TN:
SF:middleware/errorHandler.js
FN:33,(anonymous_0)
FN:43,errorHandler
FN:78,notFoundHandler
FN:90,asyncHandler
FN:91,(anonymous_4)
FNF:5
FNH:0
FNDA:0,(anonymous_0)
FNDA:0,errorHandler
FNDA:0,notFoundHandler
FNDA:0,asyncHandler
FNDA:0,(anonymous_4)
DA:5,0
DA:10,0
DA:34,0
DA:35,0
DA:36,0
DA:44,0
DA:47,0
DA:48,0
DA:57,0
DA:58,0
DA:67,0
DA:79,0
DA:91,0
DA:92,0
DA:96,0
LF:15
LH:0
BRDA:33,0,0,0
BRDA:34,1,0,0
BRDA:34,1,1,0
BRDA:47,2,0,0
BRDA:47,2,1,0
BRDA:48,3,0,0
BRDA:48,3,1,0
BRDA:57,4,0,0
BRDA:57,4,1,0
BRDA:57,5,0,0
BRDA:57,5,1,0
BRDA:62,6,0,0
BRDA:62,6,1,0
BRDA:71,7,0,0
BRDA:71,7,1,0
BRF:15
BRH:0
end_of_record
TN:
SF:middleware/logger.js
FN:10,requestLogger
FN:16,(anonymous_1)
FN:35,logError
FNF:3
FNH:0
FNDA:0,requestLogger
FNDA:0,(anonymous_1)
FNDA:0,logError
DA:5,0
DA:11,0
DA:14,0
DA:16,0
DA:17,0
DA:19,0
DA:26,0
DA:29,0
DA:36,0
DA:43,0
LF:10
LH:0
BRDA:35,0,0,0
BRF:1
BRH:0
end_of_record
TN:
SF:middleware/monitoring.js
FN:64,(anonymous_0)
FN:68,(anonymous_1)
FN:86,(anonymous_2)
FN:120,(anonymous_3)
FN:127,(anonymous_4)
FN:134,(anonymous_5)
FN:141,(anonymous_6)
FNF:7
FNH:0
FNDA:0,(anonymous_0)
FNDA:0,(anonymous_1)
FNDA:0,(anonymous_2)
FNDA:0,(anonymous_3)
FNDA:0,(anonymous_4)
FNDA:0,(anonymous_5)
FNDA:0,(anonymous_6)
DA:6,0
DA:9,0
DA:12,0
DA:15,0
DA:23,0
DA:32,0
DA:39,0
DA:46,0
DA:55,0
DA:64,0
DA:65,0
DA:68,0
DA:69,0
DA:70,0
DA:71,0
DA:74,0
DA:77,0
DA:80,0
DA:86,0
DA:87,0
DA:88,0
DA:91,0
DA:96,0
DA:99,0
DA:104,0
DA:107,0
DA:112,0
DA:115,0
DA:120,0
DA:121,0
DA:127,0
DA:128,0
DA:134,0
DA:135,0
DA:141,0
DA:142,0
DA:150,0
DA:152,0
DA:153,0
DA:154,0
DA:156,0
DA:157,0
DA:161,0
DA:162,0
DA:163,0
DA:164,0
DA:166,0
DA:169,0
DA:172,0
DA:175,0
LF:50
LH:0
BRDA:70,0,0,0
BRDA:70,0,1,0
BRDA:163,1,0,0
BRDA:163,1,1,0
BRF:4
BRH:0
end_of_record
TN:
SF:middleware/validator.js
FN:11,(anonymous_0)
FN:12,(anonymous_1)
FN:13,(anonymous_2)
FN:14,(anonymous_3)
FN:15,(anonymous_4)
FN:16,(anonymous_5)
FN:17,(anonymous_6)
FN:18,(anonymous_7)
FN:18,(anonymous_8)
FN:24,validate
FN:25,(anonymous_10)
FNF:11
FNH:0
FNDA:0,(anonymous_0)
FNDA:0,(anonymous_1)
FNDA:0,(anonymous_2)
FNDA:0,(anonymous_3)
FNDA:0,(anonymous_4)
FNDA:0,(anonymous_5)
FNDA:0,(anonymous_6)
FNDA:0,(anonymous_7)
FNDA:0,(anonymous_8)
FNDA:0,validate
FNDA:0,(anonymous_10)
DA:5,0
DA:10,0
DA:11,0
DA:12,0
DA:13,0
DA:14,0
DA:15,0
DA:16,0
DA:17,0
DA:18,0
DA:25,0
DA:26,0
DA:27,0
DA:29,0
DA:30,0
DA:32,0
DA:33,0
DA:37,0
DA:38,0
DA:43,0
DA:44,0
DA:47,0
DA:54,0
DA:86,0
LF:24
LH:0
BRDA:11,0,0,0
BRDA:11,0,1,0
BRDA:11,0,2,0
BRDA:13,1,0,0
BRDA:13,1,1,0
BRDA:33,2,0,0
BRDA:33,2,1,0
BRDA:37,3,0,0
BRDA:37,3,1,0
BRDA:43,4,0,0
BRDA:43,4,1,0
BRF:11
BRH:0
end_of_record
TN:
SF:services/AuthService.js
FN:17,(anonymous_0)
FN:60,(anonymous_1)
FN:111,(anonymous_2)
FN:148,(anonymous_3)
FN:167,(anonymous_4)
FN:178,(anonymous_5)
FN:216,(anonymous_6)
FN:232,(anonymous_7)
FN:243,(anonymous_8)
FN:262,(anonymous_9)
FNF:10
FNH:8
FNDA:5,(anonymous_0)
FNDA:3,(anonymous_1)
FNDA:4,(anonymous_2)
FNDA:0,(anonymous_3)
FNDA:2,(anonymous_4)
FNDA:2,(anonymous_5)
FNDA:2,(anonymous_6)
FNDA:0,(anonymous_7)
FNDA:2,(anonymous_8)
FNDA:2,(anonymous_9)
DA:6,2
DA:7,2
DA:8,2
DA:9,2
DA:11,2
DA:19,5
DA:20,2
DA:23,3
DA:24,1
DA:28,2
DA:33,2
DA:34,1
DA:38,1
DA:41,1
DA:49,1
DA:62,3
DA:67,3
DA:68,1
DA:72,2
DA:73,2
DA:74,1
DA:78,1
DA:84,1
DA:96,1
DA:112,4
DA:113,1
DA:117,3
DA:122,3
DA:123,1
DA:127,2
DA:128,2
DA:129,1
DA:133,1
DA:136,1
DA:142,1
DA:149,0
DA:150,0
DA:153,0
DA:155,0
DA:161,0
DA:168,2
DA:169,2
DA:171,1
DA:179,2
DA:180,2
DA:185,2
DA:190,2
DA:191,1
DA:195,1
DA:207,1
DA:209,1
DA:217,2
DA:222,2
DA:223,1
DA:226,1
DA:233,0
DA:237,0
DA:244,2
DA:246,2
DA:247,1
DA:250,1
DA:256,1
DA:264,2
DA:268,2
DA:273,2
DA:274,1
DA:277,1
DA:279,1
DA:283,2
LF:69
LH:62
BRDA:17,0,0,4
BRDA:19,1,0,2
BRDA:19,1,1,3
BRDA:19,2,0,5
BRDA:19,2,1,4
BRDA:23,3,0,1
BRDA:23,3,1,2
BRDA:33,4,0,1
BRDA:33,4,1,1
BRDA:67,5,0,1
BRDA:67,5,1,2
BRDA:73,6,0,1
BRDA:73,6,1,1
BRDA:92,7,0,1
BRDA:92,7,1,0
BRDA:112,8,0,1
BRDA:112,8,1,3
BRDA:122,9,0,1
BRDA:122,9,1,2
BRDA:128,10,0,1
BRDA:128,10,1,1
BRDA:149,11,0,0
BRDA:149,11,1,0
BRDA:190,12,0,1
BRDA:190,12,1,1
BRDA:203,13,0,1
BRDA:203,13,1,0
BRDA:222,14,0,1
BRDA:222,14,1,1
BRDA:246,15,0,1
BRDA:246,15,1,1
BRDA:273,16,0,1
BRDA:273,16,1,1
BRDA:273,17,0,2
BRDA:273,17,1,2
BRDA:273,17,2,1
BRF:36
BRH:32
end_of_record
TN:
SF:services/BulkOperationService.js
FN:10,(anonymous_0)
FN:19,(anonymous_1)
FN:26,(anonymous_2)
FN:51,(anonymous_3)
FN:59,(anonymous_4)
FN:73,(anonymous_5)
FN:91,(anonymous_6)
FN:100,(anonymous_7)
FN:130,(anonymous_8)
FN:137,(anonymous_9)
FN:171,(anonymous_10)
FN:178,(anonymous_11)
FN:203,(anonymous_12)
FN:205,(anonymous_13)
FN:229,(anonymous_14)
FN:231,(anonymous_15)
FN:276,(anonymous_16)
FN:294,(anonymous_17)
FN:301,(anonymous_18)
FN:328,(anonymous_19)
FN:346,(anonymous_20)
FN:357,(anonymous_21)
FN:390,(anonymous_22)
FN:408,(anonymous_23)
FN:410,(anonymous_24)
FN:418,(anonymous_25)
FN:437,(anonymous_26)
FNF:27
FNH:0
FNDA:0,(anonymous_0)
FNDA:0,(anonymous_1)
FNDA:0,(anonymous_2)
FNDA:0,(anonymous_3)
FNDA:0,(anonymous_4)
FNDA:0,(anonymous_5)
FNDA:0,(anonymous_6)
FNDA:0,(anonymous_7)
FNDA:0,(anonymous_8)
FNDA:0,(anonymous_9)
FNDA:0,(anonymous_10)
FNDA:0,(anonymous_11)
FNDA:0,(anonymous_12)
FNDA:0,(anonymous_13)
FNDA:0,(anonymous_14)
FNDA:0,(anonymous_15)
FNDA:0,(anonymous_16)
FNDA:0,(anonymous_17)
FNDA:0,(anonymous_18)
FNDA:0,(anonymous_19)
FNDA:0,(anonymous_20)
FNDA:0,(anonymous_21)
FNDA:0,(anonymous_22)
FNDA:0,(anonymous_23)
FNDA:0,(anonymous_24)
FNDA:0,(anonymous_25)
FNDA:0,(anonymous_26)
DA:6,0
DA:7,0
DA:11,0
DA:20,0
DA:21,0
DA:22,0
DA:23,0
DA:26,0
DA:27,0
DA:33,0
DA:35,0
DA:42,0
DA:43,0
DA:52,0
DA:53,0
DA:59,0
DA:60,0
DA:61,0
DA:62,0
DA:63,0
DA:69,0
DA:72,0
DA:73,0
DA:75,0
DA:81,0
DA:82,0
DA:92,0
DA:93,0
DA:95,0
DA:100,0
DA:101,0
DA:102,0
DA:103,0
DA:104,0
DA:109,0
DA:112,0
DA:114,0
DA:120,0
DA:121,0
DA:131,0
DA:132,0
DA:133,0
DA:134,0
DA:137,0
DA:139,0
DA:140,0
DA:142,0
DA:143,0
DA:146,0
DA:152,0
DA:154,0
DA:161,0
DA:162,0
DA:172,0
DA:173,0
DA:174,0
DA:175,0
DA:178,0
DA:179,0
DA:185,0
DA:187,0
DA:194,0
DA:195,0
DA:204,0
DA:205,0
DA:206,0
DA:212,0
DA:214,0
DA:220,0
DA:221,0
DA:230,0
DA:231,0
DA:232,0
DA:234,0
DA:236,0
DA:237,0
DA:238,0
DA:239,0
DA:243,0
DA:256,0
DA:257,0
DA:258,0
DA:262,0
DA:265,0
DA:272,0
DA:275,0
DA:276,0
DA:278,0
DA:285,0
DA:286,0
DA:295,0
DA:296,0
DA:301,0
DA:302,0
DA:303,0
DA:304,0
DA:305,0
DA:311,0
DA:317,0
DA:324,0
DA:327,0
DA:328,0
DA:330,0
DA:337,0
DA:338,0
DA:347,0
DA:348,0
DA:357,0
DA:358,0
DA:359,0
DA:360,0
DA:361,0
DA:373,0
DA:379,0
DA:386,0
DA:389,0
DA:390,0
DA:392,0
DA:399,0
DA:400,0
DA:409,0
DA:410,0
DA:411,0
DA:413,0
DA:414,0
DA:415,0
DA:418,0
DA:419,0
DA:425,0
DA:426,0
DA:433,0
DA:436,0
DA:437,0
DA:439,0
DA:445,0
DA:446,0
DA:451,0
LF:137
LH:0
BRDA:22,0,0,0
BRDA:22,0,1,0
BRDA:133,1,0,0
BRDA:133,1,1,0
BRDA:142,2,0,0
BRDA:142,2,1,0
BRDA:174,3,0,0
BRDA:174,3,1,0
BRDA:237,4,0,0
BRDA:237,4,1,0
BRDA:237,5,0,0
BRDA:237,5,1,0
BRDA:256,6,0,0
BRDA:256,6,1,0
BRDA:308,7,0,0
BRDA:308,7,1,0
BRDA:309,8,0,0
BRDA:309,8,1,0
BRDA:370,9,0,0
BRDA:370,9,1,0
BRDA:371,10,0,0
BRDA:371,10,1,0
BRF:22
BRH:0
end_of_record
TN:
SF:services/CacheService.js
FN:10,(anonymous_0)
FN:18,(anonymous_1)
FN:34,(anonymous_2)
FN:39,(anonymous_3)
FN:55,(anonymous_4)
FN:75,(anonymous_5)
FN:92,(anonymous_6)
FN:109,(anonymous_7)
FN:129,(anonymous_8)
FN:146,(anonymous_9)
FN:163,(anonymous_10)
FN:179,(anonymous_11)
FN:197,(anonymous_12)
FNF:13
FNH:0
FNDA:0,(anonymous_0)
FNDA:0,(anonymous_1)
FNDA:0,(anonymous_2)
FNDA:0,(anonymous_3)
FNDA:0,(anonymous_4)
FNDA:0,(anonymous_5)
FNDA:0,(anonymous_6)
FNDA:0,(anonymous_7)
FNDA:0,(anonymous_8)
FNDA:0,(anonymous_9)
FNDA:0,(anonymous_10)
FNDA:0,(anonymous_11)
FNDA:0,(anonymous_12)
DA:6,0
DA:7,0
DA:11,0
DA:12,0
DA:19,0
DA:20,0
DA:23,0
DA:24,0
DA:34,0
DA:35,0
DA:36,0
DA:39,0
DA:40,0
DA:41,0
DA:44,0
DA:46,0
DA:47,0
DA:48,0
DA:56,0
DA:57,0
DA:60,0
DA:61,0
DA:62,0
DA:64,0
DA:65,0
DA:76,0
DA:77,0
DA:80,0
DA:81,0
DA:82,0
DA:84,0
DA:85,0
DA:93,0
DA:94,0
DA:97,0
DA:98,0
DA:99,0
DA:101,0
DA:102,0
DA:110,0
DA:111,0
DA:114,0
DA:115,0
DA:116,0
DA:117,0
DA:119,0
DA:121,0
DA:122,0
DA:130,0
DA:131,0
DA:134,0
DA:135,0
DA:136,0
DA:138,0
DA:139,0
DA:147,0
DA:148,0
DA:151,0
DA:152,0
DA:153,0
DA:155,0
DA:156,0
DA:164,0
DA:165,0
DA:168,0
DA:169,0
DA:171,0
DA:172,0
DA:180,0
DA:181,0
DA:184,0
DA:185,0
DA:186,0
DA:187,0
DA:189,0
DA:190,0
DA:198,0
DA:199,0
DA:200,0
DA:201,0
DA:202,0
DA:208,0
DA:210,0
LF:83
LH:0
BRDA:19,0,0,0
BRDA:19,0,1,0
BRDA:26,1,0,0
BRDA:26,1,1,0
BRDA:27,2,0,0
BRDA:27,2,1,0
BRDA:29,3,0,0
BRDA:29,3,1,0
BRDA:56,4,0,0
BRDA:56,4,1,0
BRDA:56,5,0,0
BRDA:56,5,1,0
BRDA:62,6,0,0
BRDA:62,6,1,0
BRDA:75,7,0,0
BRDA:76,8,0,0
BRDA:76,8,1,0
BRDA:76,9,0,0
BRDA:76,9,1,0
BRDA:93,10,0,0
BRDA:93,10,1,0
BRDA:93,11,0,0
BRDA:93,11,1,0
BRDA:110,12,0,0
BRDA:110,12,1,0
BRDA:110,13,0,0
BRDA:110,13,1,0
BRDA:116,14,0,0
BRDA:116,14,1,0
BRDA:130,15,0,0
BRDA:130,15,1,0
BRDA:130,16,0,0
BRDA:130,16,1,0
BRDA:147,17,0,0
BRDA:147,17,1,0
BRDA:147,18,0,0
BRDA:147,18,1,0
BRDA:164,19,0,0
BRDA:164,19,1,0
BRDA:164,20,0,0
BRDA:164,20,1,0
BRDA:180,21,0,0
BRDA:180,21,1,0
BRDA:180,22,0,0
BRDA:180,22,1,0
BRDA:198,23,0,0
BRDA:198,23,1,0
BRF:47
BRH:0
end_of_record
TN:
SF:services/ExportService.js
FN:12,(anonymous_0)
FN:27,(anonymous_1)
FN:101,(anonymous_2)
FN:141,(anonymous_3)
FN:190,(anonymous_4)
FN:236,(anonymous_5)
FN:270,(anonymous_6)
FN:280,(anonymous_7)
FN:281,(anonymous_8)
FN:307,(anonymous_9)
FN:310,(anonymous_10)
FN:329,(anonymous_11)
FNF:12
FNH:0
FNDA:0,(anonymous_0)
FNDA:0,(anonymous_1)
FNDA:0,(anonymous_2)
FNDA:0,(anonymous_3)
FNDA:0,(anonymous_4)
FNDA:0,(anonymous_5)
FNDA:0,(anonymous_6)
FNDA:0,(anonymous_7)
FNDA:0,(anonymous_8)
FNDA:0,(anonymous_9)
FNDA:0,(anonymous_10)
FNDA:0,(anonymous_11)
DA:6,0
DA:7,0
DA:8,0
DA:9,0
DA:13,0
DA:14,0
DA:17,0
DA:18,0
DA:28,0
DA:30,0
DA:49,0
DA:51,0
DA:52,0
DA:53,0
DA:56,0
DA:57,0
DA:58,0
DA:61,0
DA:62,0
DA:63,0
DA:66,0
DA:68,0
DA:71,0
DA:72,0
DA:87,0
DA:90,0
DA:91,0
DA:102,0
DA:103,0
DA:117,0
DA:118,0
DA:127,0
DA:130,0
DA:131,0
DA:142,0
DA:144,0
DA:145,0
DA:148,0
DA:169,0
DA:170,0
DA:176,0
DA:179,0
DA:180,0
DA:191,0
DA:192,0
DA:210,0
DA:211,0
DA:224,0
DA:227,0
DA:228,0
DA:237,0
DA:238,0
DA:241,0
DA:244,0
DA:247,0
DA:248,0
DA:255,0
DA:256,0
DA:258,0
DA:271,0
DA:272,0
DA:276,0
DA:279,0
DA:280,0
DA:281,0
DA:282,0
DA:284,0
DA:285,0
DA:287,0
DA:289,0
DA:293,0
DA:294,0
DA:296,0
DA:308,0
DA:309,0
DA:310,0
DA:311,0
DA:312,0
DA:313,0
DA:321,0
DA:322,0
DA:330,0
DA:331,0
DA:332,0
DA:333,0
DA:334,0
DA:336,0
DA:339,0
DA:340,0
DA:345,0
LF:90
LH:0
BRDA:17,0,0,0
BRDA:17,0,1,0
BRDA:27,1,0,0
BRDA:27,2,0,0
BRDA:51,3,0,0
BRDA:51,3,1,0
BRDA:56,4,0,0
BRDA:56,4,1,0
BRDA:61,5,0,0
BRDA:61,5,1,0
BRDA:71,6,0,0
BRDA:71,6,1,0
BRDA:101,7,0,0
BRDA:117,8,0,0
BRDA:117,8,1,0
BRDA:141,9,0,0
BRDA:169,10,0,0
BRDA:169,10,1,0
BRDA:190,11,0,0
BRDA:210,12,0,0
BRDA:210,12,1,0
BRDA:271,13,0,0
BRDA:271,13,1,0
BRDA:284,14,0,0
BRDA:284,14,1,0
BRDA:284,15,0,0
BRDA:284,15,1,0
BRDA:287,16,0,0
BRDA:287,16,1,0
BRDA:332,17,0,0
BRDA:332,17,1,0
BRF:31
BRH:0
end_of_record
TN:
SF:services/OTAService.js
FN:9,(anonymous_0)
FN:41,(anonymous_1)
FN:68,(anonymous_2)
FN:96,(anonymous_3)
FN:123,(anonymous_4)
FN:147,(anonymous_5)
FN:150,(anonymous_6)
FN:167,(anonymous_7)
FN:177,(anonymous_8)
FN:187,(anonymous_9)
FN:199,(anonymous_10)
FN:209,(anonymous_11)
FN:219,(anonymous_12)
FN:229,(anonymous_13)
FN:241,(anonymous_14)
FN:251,(anonymous_15)
FN:261,(anonymous_16)
FN:271,(anonymous_17)
FN:283,(anonymous_18)
FN:299,(anonymous_19)
FN:314,(anonymous_20)
FN:335,(anonymous_21)
FNF:22
FNH:17
FNDA:21,(anonymous_0)
FNDA:5,(anonymous_1)
FNDA:3,(anonymous_2)
FNDA:3,(anonymous_3)
FNDA:3,(anonymous_4)
FNDA:1,(anonymous_5)
FNDA:2,(anonymous_6)
FNDA:1,(anonymous_7)
FNDA:1,(anonymous_8)
FNDA:1,(anonymous_9)
FNDA:1,(anonymous_10)
FNDA:1,(anonymous_11)
FNDA:1,(anonymous_12)
FNDA:1,(anonymous_13)
FNDA:0,(anonymous_14)
FNDA:0,(anonymous_15)
FNDA:0,(anonymous_16)
FNDA:0,(anonymous_17)
FNDA:1,(anonymous_18)
FNDA:1,(anonymous_19)
FNDA:0,(anonymous_20)
FNDA:2,(anonymous_21)
DA:6,1
DA:11,21
DA:42,5
DA:43,2
DA:46,3
DA:47,3
DA:49,2
DA:51,1
DA:53,0
DA:55,0
DA:58,1
DA:59,1
DA:69,3
DA:70,1
DA:73,2
DA:74,2
DA:76,1
DA:78,1
DA:80,0
DA:82,0
DA:85,0
DA:86,0
DA:97,3
DA:98,1
DA:101,2
DA:102,2
DA:104,1
DA:106,1
DA:108,0
DA:110,0
DA:113,0
DA:114,0
DA:124,3
DA:125,1
DA:128,2
DA:129,2
DA:131,1
DA:133,1
DA:135,0
DA:137,0
DA:140,0
DA:141,0
DA:150,2
DA:159,1
DA:169,1
DA:179,1
DA:189,1
DA:201,1
DA:211,1
DA:221,1
DA:231,1
DA:243,0
DA:253,0
DA:263,0
DA:273,0
DA:284,1
DA:285,1
DA:288,1
DA:296,1
DA:300,1
DA:301,1
DA:304,1
DA:311,1
DA:315,0
DA:316,0
DA:318,0
DA:329,0
DA:336,2
DA:353,1
LF:69
LH:47
BRDA:14,0,0,21
BRDA:14,0,1,0
BRDA:21,1,0,21
BRDA:21,1,1,21
BRDA:28,2,0,21
BRDA:28,2,1,21
BRDA:42,3,0,2
BRDA:42,3,1,3
BRDA:47,4,0,2
BRDA:47,4,1,1
BRDA:47,4,2,0
BRDA:47,4,3,0
BRDA:69,5,0,1
BRDA:69,5,1,2
BRDA:74,6,0,1
BRDA:74,6,1,1
BRDA:74,6,2,0
BRDA:74,6,3,0
BRDA:97,7,0,1
BRDA:97,7,1,2
BRDA:102,8,0,1
BRDA:102,8,1,1
BRDA:102,8,2,0
BRDA:102,8,3,0
BRDA:124,9,0,1
BRDA:124,9,1,2
BRDA:129,10,0,1
BRDA:129,10,1,1
BRDA:129,10,2,0
BRDA:129,10,3,0
BRDA:153,11,0,1
BRDA:153,11,1,1
BRDA:339,12,0,2
BRDA:339,12,1,1
BRDA:343,13,0,2
BRDA:343,13,1,2
BRDA:347,14,0,2
BRDA:347,14,1,0
BRF:38
BRH:28
end_of_record
TN:
SF:services/OrderService.js
FN:14,(anonymous_0)
FN:57,(anonymous_1)
FN:83,(anonymous_2)
FN:126,(anonymous_3)
FN:181,(anonymous_4)
FN:204,(anonymous_5)
FN:225,(anonymous_6)
FNF:7
FNH:0
FNDA:0,(anonymous_0)
FNDA:0,(anonymous_1)
FNDA:0,(anonymous_2)
FNDA:0,(anonymous_3)
FNDA:0,(anonymous_4)
FNDA:0,(anonymous_5)
FNDA:0,(anonymous_6)
DA:6,0
DA:7,0
DA:8,0
DA:15,0
DA:17,0
DA:31,0
DA:33,0
DA:34,0
DA:35,0
DA:38,0
DA:39,0
DA:40,0
DA:43,0
DA:44,0
DA:45,0
DA:48,0
DA:49,0
DA:51,0
DA:58,0
DA:73,0
DA:74,0
DA:77,0
DA:84,0
DA:87,0
DA:88,0
DA:92,0
DA:93,0
DA:94,0
DA:98,0
DA:107,0
DA:108,0
DA:112,0
DA:114,0
DA:115,0
DA:118,0
DA:119,0
DA:123,0
DA:126,0
DA:128,0
DA:133,0
DA:137,0
DA:140,0
DA:141,0
DA:143,0
DA:148,0
DA:149,0
DA:151,0
DA:152,0
DA:153,0
DA:157,0
DA:163,0
DA:164,0
DA:165,0
DA:166,0
DA:172,0
DA:175,0
DA:182,0
DA:184,0
DA:185,0
DA:188,0
DA:191,0
DA:194,0
DA:195,0
DA:198,0
DA:205,0
DA:208,0
DA:215,0
DA:222,0
DA:226,0
DA:227,0
DA:233,0
LF:71
LH:0
BRDA:14,0,0,0
BRDA:15,1,0,0
BRDA:15,2,0,0
BRDA:33,3,0,0
BRDA:33,3,1,0
BRDA:38,4,0,0
BRDA:38,4,1,0
BRDA:43,5,0,0
BRDA:43,5,1,0
BRDA:73,6,0,0
BRDA:73,6,1,0
BRDA:87,7,0,0
BRDA:87,7,1,0
BRDA:87,8,0,0
BRDA:87,8,1,0
BRDA:93,9,0,0
BRDA:93,9,1,0
BRDA:107,10,0,0
BRDA:107,10,1,0
BRDA:114,11,0,0
BRDA:114,11,1,0
BRDA:164,12,0,0
BRDA:164,12,1,0
BRDA:164,13,0,0
BRDA:164,13,1,0
BRDA:184,14,0,0
BRDA:184,14,1,0
BRDA:194,15,0,0
BRDA:194,15,1,0
BRDA:204,16,0,0
BRDA:205,17,0,0
BRDA:205,17,1,0
BRF:32
BRH:0
end_of_record
TN:
SF:services/PricingService.js
FN:10,(anonymous_0)
FN:50,(anonymous_1)
FN:129,(anonymous_2)
FN:149,(anonymous_3)
FN:173,(anonymous_4)
FN:183,(anonymous_5)
FN:203,(anonymous_6)
FN:218,(anonymous_7)
FN:245,(anonymous_8)
FN:257,(anonymous_9)
FN:259,(anonymous_10)
FN:278,(anonymous_11)
FN:299,(anonymous_12)
FN:305,(anonymous_13)
FN:308,(anonymous_14)
FN:309,(anonymous_15)
FNF:16
FNH:14
FNDA:27,(anonymous_0)
FNDA:49,(anonymous_1)
FNDA:3,(anonymous_2)
FNDA:48,(anonymous_3)
FNDA:52,(anonymous_4)
FNDA:51,(anonymous_5)
FNDA:54,(anonymous_6)
FNDA:2,(anonymous_7)
FNDA:3,(anonymous_8)
FNDA:6,(anonymous_9)
FNDA:6,(anonymous_10)
FNDA:0,(anonymous_11)
FNDA:0,(anonymous_12)
FNDA:5,(anonymous_13)
FNDA:12,(anonymous_14)
FNDA:12,(anonymous_15)
DA:6,1
DA:7,1
DA:11,27
DA:14,27
DA:51,49
DA:53,49
DA:54,48
DA:57,48
DA:60,48
DA:61,48
DA:64,48
DA:67,48
DA:70,48
DA:71,1
DA:72,47
DA:73,1
DA:75,46
DA:79,48
DA:80,13
DA:84,48
DA:85,4
DA:89,48
DA:90,20
DA:94,48
DA:96,48
DA:114,1
DA:115,1
DA:130,3
DA:131,3
DA:133,3
DA:134,42
DA:135,42
DA:136,42
DA:138,42
DA:139,42
DA:142,3
DA:150,48
DA:152,48
DA:155,48
DA:162,48
DA:164,0
DA:165,0
DA:174,52
DA:175,52
DA:176,52
DA:186,51
DA:196,51
DA:204,54
DA:205,2
DA:206,52
DA:207,30
DA:209,22
DA:219,2
DA:220,2
DA:233,1
DA:235,1
DA:236,1
DA:246,3
DA:248,3
DA:251,2
DA:254,2
DA:257,6
DA:258,2
DA:259,6
DA:262,2
DA:270,1
DA:271,1
DA:279,0
DA:281,0
DA:282,0
DA:283,0
DA:285,0
DA:293,0
DA:295,0
DA:302,0
DA:306,5
DA:308,12
DA:309,12
DA:310,4
DA:312,4
DA:314,4
DA:315,1
DA:316,1
DA:320,1
LF:84
LH:74
BRDA:50,0,0,0
BRDA:54,1,0,48
BRDA:54,1,1,0
BRDA:70,2,0,1
BRDA:70,2,1,47
BRDA:72,3,0,1
BRDA:72,3,1,46
BRDA:79,4,0,13
BRDA:79,4,1,35
BRDA:84,5,0,4
BRDA:84,5,1,44
BRDA:89,6,0,20
BRDA:89,6,1,28
BRDA:108,7,0,13
BRDA:108,7,1,35
BRDA:109,8,0,4
BRDA:109,8,1,44
BRDA:110,9,0,20
BRDA:110,9,1,28
BRDA:129,10,0,0
BRDA:162,11,0,48
BRDA:162,11,1,0
BRDA:176,12,0,52
BRDA:176,12,1,45
BRDA:204,13,0,2
BRDA:204,13,1,52
BRDA:206,14,0,30
BRDA:206,14,1,22
BRDA:218,15,0,0
BRDA:258,16,0,2
BRDA:258,16,1,0
BRDA:293,17,0,0
BRDA:293,17,1,0
BRDA:306,18,0,1
BRDA:306,18,1,4
BRDA:314,19,0,3
BRDA:314,19,1,1
BRDA:315,20,0,0
BRDA:315,20,1,1
BRF:39
BRH:30
end_of_record
TN:
SF:services/RecommendationService.js
FN:16,(anonymous_0)
FN:26,(anonymous_1)
FN:104,(anonymous_2)
FN:113,(anonymous_3)
FN:120,(anonymous_4)
FN:144,(anonymous_5)
FN:168,(anonymous_6)
FN:176,(anonymous_7)
FN:189,(anonymous_8)
FNF:9
FNH:0
FNDA:0,(anonymous_0)
FNDA:0,(anonymous_1)
FNDA:0,(anonymous_2)
FNDA:0,(anonymous_3)
FNDA:0,(anonymous_4)
FNDA:0,(anonymous_5)
FNDA:0,(anonymous_6)
FNDA:0,(anonymous_7)
FNDA:0,(anonymous_8)
DA:1,0
DA:17,0
DA:20,0
DA:23,0
DA:26,0
DA:27,0
DA:28,0
DA:31,0
DA:32,0
DA:33,0
DA:34,0
DA:35,0
DA:36,0
DA:40,0
DA:41,0
DA:42,0
DA:43,0
DA:44,0
DA:45,0
DA:46,0
DA:48,0
DA:49,0
DA:54,0
DA:55,0
DA:56,0
DA:57,0
DA:58,0
DA:59,0
DA:60,0
DA:64,0
DA:65,0
DA:66,0
DA:70,0
DA:71,0
DA:72,0
DA:73,0
DA:78,0
DA:79,0
DA:80,0
DA:84,0
DA:85,0
DA:86,0
DA:90,0
DA:91,0
DA:92,0
DA:93,0
DA:96,0
DA:104,0
DA:107,0
DA:115,0
DA:120,0
DA:122,0
DA:132,0
DA:133,0
DA:136,0
DA:138,0
DA:146,0
DA:159,0
DA:169,0
DA:170,0
DA:177,0
DA:183,0
DA:191,0
DA:196,0
LF:64
LH:0
BRDA:23,0,0,0
BRDA:23,0,1,0
BRDA:31,1,0,0
BRDA:31,1,1,0
BRDA:31,2,0,0
BRDA:31,2,1,0
BRDA:34,3,0,0
BRDA:34,3,1,0
BRDA:34,4,0,0
BRDA:34,4,1,0
BRDA:40,5,0,0
BRDA:40,5,1,0
BRDA:41,6,0,0
BRDA:41,6,1,0
BRDA:44,7,0,0
BRDA:44,7,1,0
BRDA:55,8,0,0
BRDA:55,8,1,0
BRDA:55,9,0,0
BRDA:55,9,1,0
BRDA:58,10,0,0
BRDA:58,10,1,0
BRDA:58,11,0,0
BRDA:58,11,1,0
BRDA:64,12,0,0
BRDA:64,12,1,0
BRDA:64,13,0,0
BRDA:64,13,1,0
BRDA:70,14,0,0
BRDA:70,14,1,0
BRDA:72,15,0,0
BRDA:72,15,1,0
BRDA:78,16,0,0
BRDA:78,16,1,0
BRDA:84,17,0,0
BRDA:84,17,1,0
BRDA:90,18,0,0
BRDA:90,18,1,0
BRDA:91,19,0,0
BRDA:91,19,1,0
BRDA:132,20,0,0
BRDA:132,20,1,0
BRDA:159,21,0,0
BRDA:159,21,1,0
BRDA:170,22,0,0
BRDA:170,22,1,0
BRDA:183,23,0,0
BRDA:183,23,1,0
BRF:48
BRH:0
end_of_record
TN:
SF:services/RoomService.js
FN:12,(anonymous_0)
FN:21,(anonymous_1)
FN:41,(anonymous_2)
FN:42,(anonymous_3)
FN:46,(anonymous_4)
FN:59,(anonymous_5)
FN:73,(anonymous_6)
FN:78,(anonymous_7)
FN:94,(anonymous_8)
FNF:9
FNH:0
FNDA:0,(anonymous_0)
FNDA:0,(anonymous_1)
FNDA:0,(anonymous_2)
FNDA:0,(anonymous_3)
FNDA:0,(anonymous_4)
FNDA:0,(anonymous_5)
FNDA:0,(anonymous_6)
FNDA:0,(anonymous_7)
FNDA:0,(anonymous_8)
DA:5,0
DA:6,0
DA:13,0
DA:22,0
DA:23,0
DA:25,0
DA:27,0
DA:41,0
DA:42,0
DA:45,0
DA:46,0
DA:47,0
DA:56,0
DA:59,0
DA:63,0
DA:74,0
DA:78,0
DA:80,0
DA:81,0
DA:84,0
DA:95,0
DA:96,0
DA:98,0
DA:116,0
LF:24
LH:0
BRDA:21,0,0,0
BRDA:21,1,0,0
BRDA:22,2,0,0
BRDA:22,2,1,0
BRDA:23,3,0,0
BRDA:23,3,1,0
BRDA:80,4,0,0
BRDA:80,4,1,0
BRDA:94,5,0,0
BRF:9
BRH:0
end_of_record
TN:
SF:services/WebSocketService.js
FN:11,(anonymous_0)
FN:19,(anonymous_1)
FN:23,(anonymous_2)
FN:29,(anonymous_3)
FN:33,(anonymous_4)
FN:49,(anonymous_5)
FN:60,(anonymous_6)
FN:78,(anonymous_7)
FN:112,(anonymous_8)
FN:131,(anonymous_9)
FN:156,(anonymous_10)
FN:165,(anonymous_11)
FN:172,(anonymous_12)
FN:179,(anonymous_13)
FN:192,(anonymous_14)
FN:193,(anonymous_15)
FN:194,(anonymous_16)
FNF:17
FNH:0
FNDA:0,(anonymous_0)
FNDA:0,(anonymous_1)
FNDA:0,(anonymous_2)
FNDA:0,(anonymous_3)
FNDA:0,(anonymous_4)
FNDA:0,(anonymous_5)
FNDA:0,(anonymous_6)
FNDA:0,(anonymous_7)
FNDA:0,(anonymous_8)
FNDA:0,(anonymous_9)
FNDA:0,(anonymous_10)
FNDA:0,(anonymous_11)
FNDA:0,(anonymous_12)
FNDA:0,(anonymous_13)
FNDA:0,(anonymous_14)
FNDA:0,(anonymous_15)
FNDA:0,(anonymous_16)
DA:6,0
DA:7,0
DA:8,0
DA:12,0
DA:13,0
DA:20,0
DA:25,0
DA:29,0
DA:30,0
DA:33,0
DA:34,0
DA:35,0
DA:38,0
DA:39,0
DA:42,0
DA:49,0
DA:51,0
DA:52,0
DA:53,0
DA:54,0
DA:55,0
DA:60,0
DA:61,0
DA:65,0
DA:72,0
DA:79,0
DA:81,0
DA:84,0
DA:87,0
DA:97,0
DA:99,0
DA:105,0
DA:113,0
DA:115,0
DA:116,0
DA:122,0
DA:125,0
DA:132,0
DA:134,0
DA:135,0
DA:136,0
DA:139,0
DA:140,0
DA:146,0
DA:150,0
DA:159,0
DA:166,0
DA:173,0
DA:180,0
DA:181,0
DA:182,0
DA:183,0
DA:189,0
DA:192,0
DA:193,0
DA:194,0
DA:196,0
LF:57
LH:0
BRDA:19,0,0,0
BRDA:38,1,0,0
BRDA:38,1,1,0
BRDA:52,2,0,0
BRDA:52,2,1,0
BRDA:115,3,0,0
BRDA:115,3,1,0
BRDA:115,4,0,0
BRDA:115,4,1,0
BRDA:131,5,0,0
BRDA:135,6,0,0
BRDA:135,6,1,0
BRDA:135,7,0,0
BRDA:135,7,1,0
BRDA:139,8,0,0
BRDA:139,8,1,0
BRDA:180,9,0,0
BRDA:180,9,1,0
BRF:18
BRH:0
end_of_record
TN:
SF:services/email/smtp.mock.js
FN:7,(anonymous_0)
FN:15,(anonymous_1)
FN:50,(anonymous_2)
FN:70,(anonymous_3)
FN:87,(anonymous_4)
FN:91,(anonymous_5)
FN:92,(anonymous_6)
FNF:7
FNH:0
FNDA:0,(anonymous_0)
FNDA:0,(anonymous_1)
FNDA:0,(anonymous_2)
FNDA:0,(anonymous_3)
FNDA:0,(anonymous_4)
FNDA:0,(anonymous_5)
FNDA:0,(anonymous_6)
DA:4,0
DA:8,0
DA:9,0
DA:16,0
DA:17,0
DA:18,0
DA:20,0
DA:22,0
DA:24,0
DA:32,0
DA:34,0
DA:35,0
DA:40,0
DA:51,0
DA:64,0
DA:71,0
DA:73,0
DA:81,0
DA:88,0
DA:92,0
DA:96,0
LF:21
LH:0
BRDA:34,0,0,0
BRDA:34,0,1,0
BRDA:87,1,0,0
BRF:3
BRH:0
end_of_record
TN:
SF:services/iot/ttlock.mock.js
FN:7,(anonymous_0)
FN:16,(anonymous_1)
FN:57,(anonymous_2)
FN:80,(anonymous_3)
FN:104,(anonymous_4)
FN:111,(anonymous_5)
FN:132,(anonymous_6)
FN:133,(anonymous_7)
FNF:8
FNH:0
FNDA:0,(anonymous_0)
FNDA:0,(anonymous_1)
FNDA:0,(anonymous_2)
FNDA:0,(anonymous_3)
FNDA:0,(anonymous_4)
FNDA:0,(anonymous_5)
FNDA:0,(anonymous_6)
FNDA:0,(anonymous_7)
DA:4,0
DA:8,0
DA:9,0
DA:10,0
DA:17,0
DA:19,0
DA:21,0
DA:23,0
DA:24,0
DA:26,0
DA:34,0
DA:36,0
DA:47,0
DA:58,0
DA:60,0
DA:62,0
DA:64,0
DA:65,0
DA:71,0
DA:72,0
DA:74,0
DA:81,0
DA:83,0
DA:86,0
DA:87,0
DA:89,0
DA:90,0
DA:100,0
DA:102,0
DA:104,0
DA:112,0
DA:114,0
DA:116,0
DA:117,0
DA:119,0
DA:121,0
DA:133,0
DA:137,0
LF:38
LH:0
BRDA:21,0,0,0
BRDA:21,0,1,0
BRDA:64,1,0,0
BRDA:64,1,1,0
BRDA:93,2,0,0
BRDA:93,2,1,0
BRDA:119,3,0,0
BRDA:119,3,1,0
BRF:8
BRH:0
end_of_record
TN:
SF:services/payment/alipay.mock.js
FN:7,(anonymous_0)
FN:15,(anonymous_1)
FN:55,(anonymous_2)
FN:89,(anonymous_3)
FN:126,(anonymous_4)
FN:154,(anonymous_5)
FN:159,(anonymous_6)
FN:160,(anonymous_7)
FNF:8
FNH:0
FNDA:0,(anonymous_0)
FNDA:0,(anonymous_1)
FNDA:0,(anonymous_2)
FNDA:0,(anonymous_3)
FNDA:0,(anonymous_4)
FNDA:0,(anonymous_5)
FNDA:0,(anonymous_6)
FNDA:0,(anonymous_7)
DA:4,0
DA:8,0
DA:9,0
DA:16,0
DA:18,0
DA:20,0
DA:21,0
DA:35,0
DA:40,0
DA:45,0
DA:56,0
DA:58,0
DA:60,0
DA:61,0
DA:74,0
DA:79,0
DA:90,0
DA:92,0
DA:94,0
DA:96,0
DA:97,0
DA:103,0
DA:105,0
DA:106,0
DA:107,0
DA:108,0
DA:111,0
DA:127,0
DA:129,0
DA:131,0
DA:132,0
DA:144,0
DA:155,0
DA:156,0
DA:160,0
DA:164,0
LF:36
LH:0
BRDA:20,0,0,0
BRDA:20,0,1,0
BRDA:60,1,0,0
BRDA:60,1,1,0
BRDA:96,2,0,0
BRDA:96,2,1,0
BRDA:105,3,0,0
BRDA:105,3,1,0
BRDA:105,4,0,0
BRDA:105,4,1,0
BRDA:116,5,0,0
BRDA:116,5,1,0
BRDA:131,6,0,0
BRDA:131,6,1,0
BRF:14
BRH:0
end_of_record
TN:
SF:services/payment/wechat.mock.js
FN:7,(anonymous_0)
FN:16,(anonymous_1)
FN:56,(anonymous_2)
FN:82,(anonymous_3)
FN:120,(anonymous_4)
FN:149,(anonymous_5)
FN:158,(anonymous_6)
FN:159,(anonymous_7)
FNF:8
FNH:0
FNDA:0,(anonymous_0)
FNDA:0,(anonymous_1)
FNDA:0,(anonymous_2)
FNDA:0,(anonymous_3)
FNDA:0,(anonymous_4)
FNDA:0,(anonymous_5)
FNDA:0,(anonymous_6)
FNDA:0,(anonymous_7)
DA:4,0
DA:8,0
DA:10,0
DA:17,0
DA:20,0
DA:23,0
DA:24,0
DA:26,0
DA:32,0
DA:46,0
DA:57,0
DA:59,0
DA:61,0
DA:62,0
DA:64,0
DA:72,0
DA:83,0
DA:85,0
DA:87,0
DA:89,0
DA:90,0
DA:97,0
DA:99,0
DA:100,0
DA:101,0
DA:102,0
DA:105,0
DA:121,0
DA:123,0
DA:126,0
DA:127,0
DA:139,0
DA:150,0
DA:152,0
DA:159,0
DA:163,0
LF:36
LH:0
BRDA:23,0,0,0
BRDA:23,0,1,0
BRDA:61,1,0,0
BRDA:61,1,1,0
BRDA:89,2,0,0
BRDA:89,2,1,0
BRDA:99,3,0,0
BRDA:99,3,1,0
BRDA:99,4,0,0
BRDA:99,4,1,0
BRDA:110,5,0,0
BRDA:110,5,1,0
BRDA:111,6,0,0
BRDA:111,6,1,0
BRDA:112,7,0,0
BRDA:112,7,1,0
BRDA:126,8,0,0
BRDA:126,8,1,0
BRF:18
BRH:0
end_of_record
TN:
SF:services/sms/aliyun.mock.js
FN:7,(anonymous_0)
FN:16,(anonymous_1)
FN:52,(anonymous_2)
FN:72,(anonymous_3)
FN:77,(anonymous_4)
FN:78,(anonymous_5)
FNF:6
FNH:0
FNDA:0,(anonymous_0)
FNDA:0,(anonymous_1)
FNDA:0,(anonymous_2)
FNDA:0,(anonymous_3)
FNDA:0,(anonymous_4)
FNDA:0,(anonymous_5)
DA:4,0
DA:8,0
DA:10,0
DA:17,0
DA:20,0
DA:23,0
DA:29,0
DA:32,0
DA:33,0
DA:42,0
DA:53,0
DA:55,0
DA:57,0
DA:59,0
DA:73,0
DA:74,0
DA:78,0
DA:82,0
LF:18
LH:0
BRDA:32,0,0,0
BRDA:32,0,1,0
BRDA:74,1,0,0
BRDA:74,1,1,0
BRF:4
BRH:0
end_of_record
TN:
SF:services/sms/index.js
FN:12,(anonymous_0)
FN:20,(anonymous_1)
FN:50,(anonymous_2)
FN:82,(anonymous_3)
FN:98,(anonymous_4)
FN:106,(anonymous_5)
FN:119,(anonymous_6)
FNF:7
FNH:0
FNDA:0,(anonymous_0)
FNDA:0,(anonymous_1)
FNDA:0,(anonymous_2)
FNDA:0,(anonymous_3)
FNDA:0,(anonymous_4)
FNDA:0,(anonymous_5)
FNDA:0,(anonymous_6)
DA:4,0
DA:7,0
DA:13,0
DA:14,0
DA:21,0
DA:22,0
DA:24,0
DA:26,0
DA:28,0
DA:30,0
DA:36,0
DA:39,0
DA:40,0
DA:51,0
DA:52,0
DA:54,0
DA:55,0
DA:61,0
DA:62,0
DA:68,0
DA:70,0
DA:72,0
DA:83,0
DA:84,0
DA:85,0
DA:87,0
DA:88,0
DA:96,0
DA:99,0
DA:103,0
DA:107,0
DA:108,0
DA:111,0
DA:112,0
DA:113,0
DA:116,0
DA:120,0
DA:121,0
DA:125,0
LF:39
LH:0
BRDA:7,0,0,0
BRDA:7,0,1,0
BRDA:26,1,0,0
BRDA:26,1,1,0
BRDA:33,2,0,0
BRDA:33,2,1,0
BRDA:54,3,0,0
BRDA:54,3,1,0
BRDA:61,4,0,0
BRDA:61,4,1,0
BRDA:108,5,0,0
BRDA:108,5,1,0
BRDA:111,6,0,0
BRDA:111,6,1,0
BRF:14
BRH:0
end_of_record
TN:
SF:utils/mockData.js
FN:9,(anonymous_0)
FN:18,(anonymous_1)
FN:30,(anonymous_2)
FN:33,(anonymous_3)
FN:43,(anonymous_4)
FN:53,(anonymous_5)
FN:63,(anonymous_6)
FNF:7
FNH:0
FNDA:0,(anonymous_0)
FNDA:0,(anonymous_1)
FNDA:0,(anonymous_2)
FNDA:0,(anonymous_3)
FNDA:0,(anonymous_4)
FNDA:0,(anonymous_5)
FNDA:0,(anonymous_6)
DA:10,0
DA:11,0
DA:12,0
DA:19,0
DA:20,0
DA:21,0
DA:22,0
DA:24,0
DA:31,0
DA:33,0
DA:37,0
DA:44,0
DA:45,0
DA:46,0
DA:47,0
DA:54,0
DA:55,0
DA:56,0
DA:57,0
DA:64,0
DA:65,0
DA:66,0
DA:70,0
LF:23
LH:0
BRDA:9,0,0,0
BRDA:18,1,0,0
BRF:2
BRH:0
end_of_record
